<?xml version="1.0" encoding="UTF-8"?>
<!-- Generated by org.testng.reporters.JUnitXMLReporter -->
<testsuite hostname="Saranya" ignored="0" name="Default test" tests="2" failures="0" timestamp="05 Nov 2017 18:30:42 GMT" time="0.247" errors="0">
  <testcase name="@BeforeMethod Launch" time="0.0" classname="com.demo.Test1">
    <failure type="org.testng.TestNGException" message="
Parameter &amp;apos;sBrowser&amp;apos; is required by BeforeMethod on method Launch but has not been marked @Optional or defined
in C:\Users\Saru\AppData\Local\Temp\testng-eclipse-477026151\testng-customsuite.xml">
      <![CDATA[org.testng.TestNGException: 
Parameter 'sBrowser' is required by BeforeMethod on method Launch but has not been marked @Optional or defined
in C:\Users\Saru\AppData\Local\Temp\testng-eclipse-477026151\testng-customsuite.xml
	at org.testng.internal.Parameters.createParams(Parameters.java:248)
	at org.testng.internal.Parameters.createParametersForMethod(Parameters.java:286)
	at org.testng.internal.Parameters.createParameters(Parameters.java:547)
	at org.testng.internal.Parameters.createConfigurationParameters(Parameters.java:150)
	at org.testng.internal.Invoker.invokeConfigurations(Invoker.java:206)
	at org.testng.internal.Invoker.invokeMethod(Invoker.java:599)
	at org.testng.internal.Invoker.invokeTestMethod(Invoker.java:877)
	at org.testng.internal.Invoker.invokeTestMethods(Invoker.java:1201)
	at org.testng.internal.TestMethodWorker.invokeTestMethods(TestMethodWorker.java:125)
	at org.testng.internal.TestMethodWorker.run(TestMethodWorker.java:109)
	at org.testng.TestRunner.privateRun(TestRunner.java:776)
	at org.testng.TestRunner.run(TestRunner.java:634)
	at org.testng.SuiteRunner.runTest(SuiteRunner.java:425)
	at org.testng.SuiteRunner.runSequentially(SuiteRunner.java:420)
	at org.testng.SuiteRunner.privateRun(SuiteRunner.java:385)
	at org.testng.SuiteRunner.run(SuiteRunner.java:334)
	at org.testng.SuiteRunnerWorker.runSuite(SuiteRunnerWorker.java:52)
	at org.testng.SuiteRunnerWorker.run(SuiteRunnerWorker.java:86)
	at org.testng.TestNG.runSuitesSequentially(TestNG.java:1318)
	at org.testng.TestNG.runSuitesLocally(TestNG.java:1243)
	at org.testng.TestNG.runSuites(TestNG.java:1161)
	at org.testng.TestNG.run(TestNG.java:1129)
	at org.testng.remote.AbstractRemoteTestNG.run(AbstractRemoteTestNG.java:114)
	at org.testng.remote.RemoteTestNG.initAndRun(RemoteTestNG.java:251)
	at org.testng.remote.RemoteTestNG.main(RemoteTestNG.java:77)
]]>
    </failure>
  </testcase> <!-- @BeforeMethod Launch -->
  <testcase name="@AfterMethod testClose" time="0.0" classname="com.demo.Test1">
    <skipped/>
  </testcase> <!-- @AfterMethod testClose -->
  <testcase name="@BeforeMethod Launch" time="0.0" classname="com.demo.Test1">
    <skipped/>
  </testcase> <!-- @BeforeMethod Launch -->
  <testcase name="@AfterMethod testClose" time="0.0" classname="com.demo.Test1">
    <skipped/>
  </testcase> <!-- @AfterMethod testClose -->
  <testcase name="searchSelenium" time="0.0" classname="com.demo.Test2">
    <skipped/>
  </testcase> <!-- searchSelenium -->
  <testcase name="searchSelenium" time="0.0" classname="com.demo.Test3">
    <skipped/>
  </testcase> <!-- searchSelenium -->
</testsuite> <!-- Default test -->
